<?xml version="1.0" encoding="UTF-8"?>
<!-- Generated by org.testng.reporters.JUnitReportReporter -->
<testsuite name="Homepage.loginpageTest" tests="1" time="1.150" ignored="0" failures="0" timestamp="29 Jul 2023 02:14:03 GMT" skipped="0" hostname="Dini1912" errors="0">
  <testcase name="verifycomplete" time="1.150" classname="Homepage.loginpageTest"/>
</testsuite> <!-- Homepage.loginpageTest -->
